2016-07-19 11:56:06,424 INFO  [XmlBeanDefinitionReader] - Loading XML bean definitions from class path resource [spring-jpa-config.xml]
2016-07-19 11:56:06,619 INFO  [XmlBeanDefinitionReader] - Loading XML bean definitions from URL [file:src/main/webapp/WEB-INF/spring/appServlet/servlet-context.xml]
2016-07-19 11:56:06,776 INFO  [GenericWebApplicationContext] - Refreshing org.springframework.web.context.support.GenericWebApplicationContext@33c7e1bb: startup date [Tue Jul 19 11:56:06 EDT 2016]; root of context hierarchy
2016-07-19 11:56:06,955 INFO  [PropertySourcesPlaceholderConfigurer] - Loading properties file from class path resource [application.properties]
2016-07-19 11:56:06,967 INFO  [AutowiredAnnotationBeanPostProcessor] - JSR-330 'javax.inject.Inject' annotation found and supported for autowiring
2016-07-19 11:56:07,122 INFO  [LogHelper] - HHH000204: Processing PersistenceUnitInfo [
	name: default
	...]
2016-07-19 11:56:07,182 INFO  [Version] - HHH000412: Hibernate Core {4.3.5.Final}
2016-07-19 11:56:07,183 INFO  [Environment] - HHH000206: hibernate.properties not found
2016-07-19 11:56:07,184 INFO  [Environment] - HHH000021: Bytecode provider name : javassist
2016-07-19 11:56:07,365 INFO  [Version] - HCANN000001: Hibernate Commons Annotations {4.0.4.Final}
2016-07-19 11:56:07,793 INFO  [Dialect] - HHH000400: Using dialect: org.hibernate.dialect.MySQL5Dialect
2016-07-19 11:56:07,925 WARN  [AnnotationBinder] - HHH000139: Illegal use of @Table in a subclass of a SINGLE_TABLE hierarchy: com.att.cw.model.UserProfile
2016-07-19 11:56:07,992 INFO  [ASTQueryTranslatorFactory] - HHH000397: Using ASTQueryTranslatorFactory
2016-07-19 11:56:08,345 INFO  [SchemaUpdate] - HHH000228: Running hbm2ddl schema update
2016-07-19 11:56:08,345 INFO  [SchemaUpdate] - HHH000102: Fetching database metadata
2016-07-19 11:56:08,353 INFO  [SchemaUpdate] - HHH000396: Updating schema
2016-07-19 11:56:08,379 INFO  [TableMetadata] - HHH000261: Table found: cw_dev_db.AUTHORITY
2016-07-19 11:56:08,380 INFO  [TableMetadata] - HHH000037: Columns: [name, id]
2016-07-19 11:56:08,380 INFO  [TableMetadata] - HHH000108: Foreign keys: []
2016-07-19 11:56:08,380 INFO  [TableMetadata] - HHH000126: Indexes: [uk_ana6i0racv9b9d5dx3mlwho9p, primary]
2016-07-19 11:56:08,388 INFO  [TableMetadata] - HHH000261: Table found: cw_dev_db.Profile
2016-07-19 11:56:08,388 INFO  [TableMetadata] - HHH000037: Columns: [createddate, lastmodifieddate, date_of_birth, address_id, dtype, lastmodifiedby, last_name, middle_name, version, createdby, user_id, phone_number, id, first_name]
2016-07-19 11:56:08,388 INFO  [TableMetadata] - HHH000108: Foreign keys: [fk_22nop2trrp4xogf8t1fr2rd91, fk_hj3d4gw12cprp4j1p6pqa5av5]
2016-07-19 11:56:08,388 INFO  [TableMetadata] - HHH000126: Indexes: [fk_22nop2trrp4xogf8t1fr2rd91, primary, fk_hj3d4gw12cprp4j1p6pqa5av5]
2016-07-19 11:56:08,394 INFO  [TableMetadata] - HHH000261: Table found: cw_dev_db.USER
2016-07-19 11:56:08,394 INFO  [TableMetadata] - HHH000037: Columns: [password, name, emailid, id, enabled]
2016-07-19 11:56:08,394 INFO  [TableMetadata] - HHH000108: Foreign keys: []
2016-07-19 11:56:08,394 INFO  [TableMetadata] - HHH000126: Indexes: [user_email_index, uk_tny7vhtvpf3hywynmjlodildh, primary]
2016-07-19 11:56:08,401 INFO  [TableMetadata] - HHH000261: Table found: cw_dev_db.USER_AUTHORITY
2016-07-19 11:56:08,401 INFO  [TableMetadata] - HHH000037: Columns: [user_id, authority_id]
2016-07-19 11:56:08,401 INFO  [TableMetadata] - HHH000108: Foreign keys: [fk_dyo9anhb75hbjut13e8uovw2s, fk_jbm4yrlayhtksry4mwk0e47ls]
2016-07-19 11:56:08,401 INFO  [TableMetadata] - HHH000126: Indexes: [fk_dyo9anhb75hbjut13e8uovw2s, primary]
2016-07-19 11:56:08,409 INFO  [TableMetadata] - HHH000261: Table found: cw_dev_db.file_documents
2016-07-19 11:56:08,409 INFO  [TableMetadata] - HHH000037: Columns: [resourceid, createddate, lastmodifieddate, resource_type, lastmodifiedby, description, version, resourcetype, content, contenttype, size, content_type, createdby, file_id, resource_id, id]
2016-07-19 11:56:08,409 INFO  [TableMetadata] - HHH000108: Foreign keys: [fk_90g3q7f6ffikyfek2twiut7qx]
2016-07-19 11:56:08,410 INFO  [TableMetadata] - HHH000126: Indexes: [fk_90g3q7f6ffikyfek2twiut7qx, primary]
2016-07-19 11:56:08,417 INFO  [TableMetadata] - HHH000261: Table found: cw_dev_db.job_activities
2016-07-19 11:56:08,417 INFO  [TableMetadata] - HHH000037: Columns: [workflow_id, createdby, createddate, lastmodifieddate, name, lastmodifiedby, id, version]
2016-07-19 11:56:08,417 INFO  [TableMetadata] - HHH000108: Foreign keys: [fk_6i97tsgwc4y8avinvleaij5ye]
2016-07-19 11:56:08,418 INFO  [TableMetadata] - HHH000126: Indexes: [fk_6i97tsgwc4y8avinvleaij5ye, primary]
2016-07-19 11:56:08,425 INFO  [TableMetadata] - HHH000261: Table found: cw_dev_db.job_applications
2016-07-19 11:56:08,426 INFO  [TableMetadata] - HHH000037: Columns: [candidate_id, workflow_id, datemodified, createdby, createddate, lastmodifieddate, lastmodifiedby, id, datecreated, version]
2016-07-19 11:56:08,426 INFO  [TableMetadata] - HHH000108: Foreign keys: [fk_gnt5c2uebjgnulu4debnxuomc, fk_r42se08m018gbf90h9l5vmjdl]
2016-07-19 11:56:08,426 INFO  [TableMetadata] - HHH000126: Indexes: [fk_gnt5c2uebjgnulu4debnxuomc, fk_r42se08m018gbf90h9l5vmjdl, primary]
2016-07-19 11:56:08,432 INFO  [TableMetadata] - HHH000261: Table found: cw_dev_db.job_candidates
2016-07-19 11:56:08,432 INFO  [TableMetadata] - HHH000037: Columns: [createdby, createddate, lastmodifieddate, lastmodifiedby, id, version, userid]
2016-07-19 11:56:08,432 INFO  [TableMetadata] - HHH000108: Foreign keys: []
2016-07-19 11:56:08,432 INFO  [TableMetadata] - HHH000126: Indexes: [primary]
2016-07-19 11:56:08,440 INFO  [TableMetadata] - HHH000261: Table found: cw_dev_db.job_workflows
2016-07-19 11:56:08,440 INFO  [TableMetadata] - HHH000037: Columns: [createdby, createddate, lastmodifieddate, lastmodifiedby, id, version]
2016-07-19 11:56:08,440 INFO  [TableMetadata] - HHH000108: Foreign keys: []
2016-07-19 11:56:08,440 INFO  [TableMetadata] - HHH000126: Indexes: [primary]
2016-07-19 11:56:08,446 INFO  [TableMetadata] - HHH000261: Table found: cw_dev_db.job_workflows_job_activities
2016-07-19 11:56:08,446 INFO  [TableMetadata] - HHH000037: Columns: [job_workflows_id, activities_id]
2016-07-19 11:56:08,446 INFO  [TableMetadata] - HHH000108: Foreign keys: [fk_7gqb8uj4dkxg94b0lt2wpfxld, fk_k05olxsngknte6yos3q1vorlr]
2016-07-19 11:56:08,446 INFO  [TableMetadata] - HHH000126: Indexes: [uk_7gqb8uj4dkxg94b0lt2wpfxld, primary]
2016-07-19 11:56:08,457 INFO  [TableMetadata] - HHH000261: Table found: cw_dev_db.jobs
2016-07-19 11:56:08,457 INFO  [TableMetadata] - HHH000037: Columns: [workflow_id, closedate, createdby, createddate, lastmodifieddate, lastmodifiedby, description, opendate, id, ownerid, title, version]
2016-07-19 11:56:08,457 INFO  [TableMetadata] - HHH000108: Foreign keys: [fk_bmmf4ulukk632yxioukqcue5v]
2016-07-19 11:56:08,457 INFO  [TableMetadata] - HHH000126: Indexes: [fk_bmmf4ulukk632yxioukqcue5v, primary]
2016-07-19 11:56:08,463 INFO  [TableMetadata] - HHH000261: Table found: cw_dev_db.jobs_job_applications
2016-07-19 11:56:08,463 INFO  [TableMetadata] - HHH000037: Columns: [applications_id, jobs_id]
2016-07-19 11:56:08,463 INFO  [TableMetadata] - HHH000108: Foreign keys: [fk_21hd5m30nhvpg76kqqkekujgm, fk_6vrx0feebyfnyfwbcxtt4q5gd]
2016-07-19 11:56:08,463 INFO  [TableMetadata] - HHH000126: Indexes: [uk_21hd5m30nhvpg76kqqkekujgm, primary]
2016-07-19 11:56:08,470 INFO  [TableMetadata] - HHH000261: Table found: cw_dev_db.user_addresses
2016-07-19 11:56:08,470 INFO  [TableMetadata] - HHH000037: Columns: [zipcode, country, createdby, createddate, city, lastmodifieddate, lastmodifiedby, id, statename, version]
2016-07-19 11:56:08,470 INFO  [TableMetadata] - HHH000108: Foreign keys: []
2016-07-19 11:56:08,470 INFO  [TableMetadata] - HHH000126: Indexes: [primary]
2016-07-19 11:56:08,571 INFO  [SchemaUpdate] - HHH000232: Schema update complete
2016-07-19 11:56:09,012 INFO  [RequestMappingHandlerMapping] - Mapped "{[/documents/{id}],methods=[GET]}" onto public com.att.cw.model.FileDocument com.att.cw.controller.FileDocumentController.find(java.lang.Long)
2016-07-19 11:56:09,013 INFO  [RequestMappingHandlerMapping] - Mapped "{[/documents/{id}],methods=[DELETE]}" onto public void com.att.cw.controller.FileDocumentController.delete(java.lang.Long)
2016-07-19 11:56:09,016 INFO  [RequestMappingHandlerMapping] - Mapped "{[/upload],methods=[POST]}" onto public org.springframework.http.ResponseEntity com.att.cw.controller.FileUploadController.handleFileUpload(java.lang.String,org.springframework.web.multipart.MultipartFile)
2016-07-19 11:56:09,029 INFO  [RequestMappingHandlerMapping] - Mapped "{[/jobs],methods=[PUT]}" onto public com.att.cw.model.Job com.att.cw.controller.JobController.update(com.att.cw.model.Job)
2016-07-19 11:56:09,029 INFO  [RequestMappingHandlerMapping] - Mapped "{[/jobs/{id}],methods=[GET]}" onto public com.att.cw.model.Job com.att.cw.controller.JobController.find(java.lang.Long)
2016-07-19 11:56:09,030 INFO  [RequestMappingHandlerMapping] - Mapped "{[/jobs/{id}],methods=[DELETE]}" onto public void com.att.cw.controller.JobController.delete(java.lang.Long)
2016-07-19 11:56:09,030 INFO  [RequestMappingHandlerMapping] - Mapped "{[/jobs],methods=[POST]}" onto public com.att.cw.model.Job com.att.cw.controller.JobController.create(com.att.cw.model.Job)
2016-07-19 11:56:09,030 INFO  [RequestMappingHandlerMapping] - Mapped "{[/jobs],methods=[GET]}" onto public org.springframework.data.domain.Page<com.att.cw.model.Job> com.att.cw.controller.JobController.findAllBy(java.lang.Long,org.springframework.data.domain.Pageable)
2016-07-19 11:56:09,033 INFO  [RequestMappingHandlerMapping] - Mapped "{[/login],methods=[POST]}" onto public org.springframework.http.ResponseEntity<com.att.cw.controller.open.AuthenticationController$LoginResponse> com.att.cw.controller.open.AuthenticationController.login(com.att.cw.controller.open.AuthenticationController$UserLogin) throws javax.servlet.ServletException
2016-07-19 11:56:09,038 INFO  [RequestMappingHandlerMapping] - Mapped "{[/restricted/countries],methods=[GET],produces=[application/json]}" onto public java.util.List<com.att.cw.bean.Country> com.att.cw.controller.restricted.CountryController.getCountries()
2016-07-19 11:56:09,039 INFO  [RequestMappingHandlerMapping] - Mapped "{[/restricted/country/{id}],methods=[GET],produces=[application/json]}" onto public com.att.cw.bean.Country com.att.cw.controller.restricted.CountryController.getCountryById(int)
2016-07-19 11:56:09,039 INFO  [RequestMappingHandlerMapping] - Mapped "{[/restricted/newcountry],methods=[POST],produces=[application/json]}" onto public com.att.cw.bean.Country com.att.cw.controller.restricted.CountryController.createNewCountry(com.att.cw.bean.Country)
2016-07-19 11:56:09,048 INFO  [RequestMappingHandlerMapping] - Mapped "{[/users],methods=[PUT]}" onto public com.att.cw.model.User com.att.cw.controller.UserController.update(com.att.cw.model.User)
2016-07-19 11:56:09,048 INFO  [RequestMappingHandlerMapping] - Mapped "{[/users/{id}],methods=[GET]}" onto public com.att.cw.model.User com.att.cw.controller.UserController.find(java.lang.Long)
2016-07-19 11:56:09,048 INFO  [RequestMappingHandlerMapping] - Mapped "{[/users/{id}],methods=[DELETE]}" onto public void com.att.cw.controller.UserController.delete(java.lang.Long)
2016-07-19 11:56:09,048 INFO  [RequestMappingHandlerMapping] - Mapped "{[/users/{id}],methods=[POST]}" onto public com.att.cw.model.User com.att.cw.controller.UserController.create(com.att.cw.model.User)
2016-07-19 11:56:09,049 INFO  [RequestMappingHandlerMapping] - Mapped "{[/users],methods=[GET]}" onto org.springframework.data.domain.Page<com.att.cw.model.User> com.att.cw.controller.UserController.findAll(org.springframework.data.domain.Pageable)
2016-07-19 11:56:09,335 INFO  [RequestMappingHandlerAdapter] - Looking for @ControllerAdvice: org.springframework.web.context.support.GenericWebApplicationContext@33c7e1bb: startup date [Tue Jul 19 11:56:06 EDT 2016]; root of context hierarchy
2016-07-19 11:56:09,376 INFO  [RequestMappingHandlerAdapter] - Looking for @ControllerAdvice: org.springframework.web.context.support.GenericWebApplicationContext@33c7e1bb: startup date [Tue Jul 19 11:56:06 EDT 2016]; root of context hierarchy
2016-07-19 11:56:09,590 INFO  [SimpleUrlHandlerMapping] - Mapped URL path [/resources/**] onto handler 'org.springframework.web.servlet.resource.ResourceHttpRequestHandler#0'
2016-07-19 11:56:10,085 INFO  [XmlBeanDefinitionReader] - Loading XML bean definitions from class path resource [spring-jpa-config.xml]
2016-07-19 11:56:10,141 INFO  [GenericApplicationContext] - Refreshing org.springframework.context.support.GenericApplicationContext@2629d5dc: startup date [Tue Jul 19 11:56:10 EDT 2016]; root of context hierarchy
2016-07-19 11:56:10,146 INFO  [PropertySourcesPlaceholderConfigurer] - Loading properties file from class path resource [application.properties]
2016-07-19 11:56:10,147 INFO  [AutowiredAnnotationBeanPostProcessor] - JSR-330 'javax.inject.Inject' annotation found and supported for autowiring
2016-07-19 11:56:10,162 INFO  [LogHelper] - HHH000204: Processing PersistenceUnitInfo [
	name: default
	...]
2016-07-19 11:56:10,191 INFO  [Dialect] - HHH000400: Using dialect: org.hibernate.dialect.MySQL5Dialect
2016-07-19 11:56:10,198 WARN  [AnnotationBinder] - HHH000139: Illegal use of @Table in a subclass of a SINGLE_TABLE hierarchy: com.att.cw.model.UserProfile
2016-07-19 11:56:10,224 INFO  [ASTQueryTranslatorFactory] - HHH000397: Using ASTQueryTranslatorFactory
2016-07-19 11:56:10,288 INFO  [SchemaUpdate] - HHH000228: Running hbm2ddl schema update
2016-07-19 11:56:10,288 INFO  [SchemaUpdate] - HHH000102: Fetching database metadata
2016-07-19 11:56:10,289 INFO  [SchemaUpdate] - HHH000396: Updating schema
2016-07-19 11:56:10,299 INFO  [TableMetadata] - HHH000261: Table found: cw_dev_db.AUTHORITY
2016-07-19 11:56:10,299 INFO  [TableMetadata] - HHH000037: Columns: [name, id]
2016-07-19 11:56:10,299 INFO  [TableMetadata] - HHH000108: Foreign keys: []
2016-07-19 11:56:10,299 INFO  [TableMetadata] - HHH000126: Indexes: [uk_ana6i0racv9b9d5dx3mlwho9p, primary]
2016-07-19 11:56:10,310 INFO  [TableMetadata] - HHH000261: Table found: cw_dev_db.Profile
2016-07-19 11:56:10,310 INFO  [TableMetadata] - HHH000037: Columns: [createddate, lastmodifieddate, date_of_birth, address_id, dtype, lastmodifiedby, last_name, middle_name, version, createdby, user_id, phone_number, id, first_name]
2016-07-19 11:56:10,310 INFO  [TableMetadata] - HHH000108: Foreign keys: [fk_22nop2trrp4xogf8t1fr2rd91, fk_hj3d4gw12cprp4j1p6pqa5av5]
2016-07-19 11:56:10,310 INFO  [TableMetadata] - HHH000126: Indexes: [fk_22nop2trrp4xogf8t1fr2rd91, primary, fk_hj3d4gw12cprp4j1p6pqa5av5]
2016-07-19 11:56:10,327 INFO  [TableMetadata] - HHH000261: Table found: cw_dev_db.USER
2016-07-19 11:56:10,327 INFO  [TableMetadata] - HHH000037: Columns: [password, createdby, createddate, lastmodifieddate, name, lastmodifiedby, emailid, id, version, enabled]
2016-07-19 11:56:10,327 INFO  [TableMetadata] - HHH000108: Foreign keys: []
2016-07-19 11:56:10,327 INFO  [TableMetadata] - HHH000126: Indexes: [user_email_index, uk_tny7vhtvpf3hywynmjlodildh, primary]
2016-07-19 11:56:10,336 INFO  [TableMetadata] - HHH000261: Table found: cw_dev_db.USER_AUTHORITY
2016-07-19 11:56:10,336 INFO  [TableMetadata] - HHH000037: Columns: [user_id, authority_id]
2016-07-19 11:56:10,336 INFO  [TableMetadata] - HHH000108: Foreign keys: [fk_dyo9anhb75hbjut13e8uovw2s, fk_jbm4yrlayhtksry4mwk0e47ls]
2016-07-19 11:56:10,336 INFO  [TableMetadata] - HHH000126: Indexes: [fk_dyo9anhb75hbjut13e8uovw2s, primary]
2016-07-19 11:56:10,349 INFO  [TableMetadata] - HHH000261: Table found: cw_dev_db.file_documents
2016-07-19 11:56:10,349 INFO  [TableMetadata] - HHH000037: Columns: [resourceid, createddate, lastmodifieddate, resource_type, lastmodifiedby, description, version, resourcetype, content, contenttype, size, content_type, createdby, file_id, resource_id, id]
2016-07-19 11:56:10,349 INFO  [TableMetadata] - HHH000108: Foreign keys: [fk_90g3q7f6ffikyfek2twiut7qx]
2016-07-19 11:56:10,349 INFO  [TableMetadata] - HHH000126: Indexes: [fk_90g3q7f6ffikyfek2twiut7qx, primary]
2016-07-19 11:56:10,362 INFO  [TableMetadata] - HHH000261: Table found: cw_dev_db.job_activities
2016-07-19 11:56:10,362 INFO  [TableMetadata] - HHH000037: Columns: [workflow_id, createdby, createddate, lastmodifieddate, name, lastmodifiedby, id, version]
2016-07-19 11:56:10,363 INFO  [TableMetadata] - HHH000108: Foreign keys: [fk_6i97tsgwc4y8avinvleaij5ye]
2016-07-19 11:56:10,363 INFO  [TableMetadata] - HHH000126: Indexes: [fk_6i97tsgwc4y8avinvleaij5ye, primary]
2016-07-19 11:56:10,375 INFO  [TableMetadata] - HHH000261: Table found: cw_dev_db.job_applications
2016-07-19 11:56:10,375 INFO  [TableMetadata] - HHH000037: Columns: [candidate_id, workflow_id, datemodified, createdby, createddate, lastmodifieddate, lastmodifiedby, id, datecreated, version]
2016-07-19 11:56:10,375 INFO  [TableMetadata] - HHH000108: Foreign keys: [fk_gnt5c2uebjgnulu4debnxuomc, fk_r42se08m018gbf90h9l5vmjdl]
2016-07-19 11:56:10,375 INFO  [TableMetadata] - HHH000126: Indexes: [fk_gnt5c2uebjgnulu4debnxuomc, fk_r42se08m018gbf90h9l5vmjdl, primary]
2016-07-19 11:56:10,384 INFO  [TableMetadata] - HHH000261: Table found: cw_dev_db.job_candidates
2016-07-19 11:56:10,384 INFO  [TableMetadata] - HHH000037: Columns: [createdby, createddate, lastmodifieddate, lastmodifiedby, id, version, userid]
2016-07-19 11:56:10,384 INFO  [TableMetadata] - HHH000108: Foreign keys: []
2016-07-19 11:56:10,384 INFO  [TableMetadata] - HHH000126: Indexes: [primary]
2016-07-19 11:56:10,393 INFO  [TableMetadata] - HHH000261: Table found: cw_dev_db.job_workflows
2016-07-19 11:56:10,394 INFO  [TableMetadata] - HHH000037: Columns: [createdby, createddate, lastmodifieddate, lastmodifiedby, id, version]
2016-07-19 11:56:10,394 INFO  [TableMetadata] - HHH000108: Foreign keys: []
2016-07-19 11:56:10,394 INFO  [TableMetadata] - HHH000126: Indexes: [primary]
2016-07-19 11:56:10,408 INFO  [TableMetadata] - HHH000261: Table found: cw_dev_db.job_workflows_job_activities
2016-07-19 11:56:10,408 INFO  [TableMetadata] - HHH000037: Columns: [job_workflows_id, activities_id]
2016-07-19 11:56:10,408 INFO  [TableMetadata] - HHH000108: Foreign keys: [fk_7gqb8uj4dkxg94b0lt2wpfxld, fk_k05olxsngknte6yos3q1vorlr]
2016-07-19 11:56:10,408 INFO  [TableMetadata] - HHH000126: Indexes: [uk_7gqb8uj4dkxg94b0lt2wpfxld, primary]
2016-07-19 11:56:10,422 INFO  [TableMetadata] - HHH000261: Table found: cw_dev_db.jobs
2016-07-19 11:56:10,422 INFO  [TableMetadata] - HHH000037: Columns: [workflow_id, closedate, createdby, createddate, lastmodifieddate, lastmodifiedby, description, opendate, id, ownerid, title, version]
2016-07-19 11:56:10,423 INFO  [TableMetadata] - HHH000108: Foreign keys: [fk_bmmf4ulukk632yxioukqcue5v]
2016-07-19 11:56:10,423 INFO  [TableMetadata] - HHH000126: Indexes: [fk_bmmf4ulukk632yxioukqcue5v, primary]
2016-07-19 11:56:10,434 INFO  [TableMetadata] - HHH000261: Table found: cw_dev_db.jobs_job_applications
2016-07-19 11:56:10,434 INFO  [TableMetadata] - HHH000037: Columns: [applications_id, jobs_id]
2016-07-19 11:56:10,434 INFO  [TableMetadata] - HHH000108: Foreign keys: [fk_21hd5m30nhvpg76kqqkekujgm, fk_6vrx0feebyfnyfwbcxtt4q5gd]
2016-07-19 11:56:10,434 INFO  [TableMetadata] - HHH000126: Indexes: [uk_21hd5m30nhvpg76kqqkekujgm, primary]
2016-07-19 11:56:10,447 INFO  [TableMetadata] - HHH000261: Table found: cw_dev_db.user_addresses
2016-07-19 11:56:10,447 INFO  [TableMetadata] - HHH000037: Columns: [zipcode, country, createdby, createddate, city, lastmodifieddate, lastmodifiedby, id, statename, version]
2016-07-19 11:56:10,447 INFO  [TableMetadata] - HHH000108: Foreign keys: []
2016-07-19 11:56:10,447 INFO  [TableMetadata] - HHH000126: Indexes: [primary]
2016-07-19 11:56:10,449 INFO  [SchemaUpdate] - HHH000232: Schema update complete
2016-07-19 11:56:10,458 WARN  [EntityManagerFactoryRegistry] - HHH000436: Entity manager factory name (default) is already registered.  If entity manager will be clustered or passivated, specify a unique value for property 'hibernate.ejb.entitymanager_factory_name'
2016-07-19 11:56:10,597 WARN  [SqlExceptionHelper] - SQL Error: 1062, SQLState: 23000
2016-07-19 11:56:10,597 ERROR [SqlExceptionHelper] - Duplicate entry 'user1@att.com' for key 'UK_tny7vhtvpf3hywynmjlodildh'
2016-07-19 11:56:10,621 INFO  [GenericWebApplicationContext] - Closing org.springframework.web.context.support.GenericWebApplicationContext@33c7e1bb: startup date [Tue Jul 19 11:56:06 EDT 2016]; root of context hierarchy
2016-07-19 11:56:10,621 INFO  [GenericApplicationContext] - Closing org.springframework.context.support.GenericApplicationContext@2629d5dc: startup date [Tue Jul 19 11:56:10 EDT 2016]; root of context hierarchy
