2016-07-28 21:20:57,031 INFO  [ContextLoader] - Root WebApplicationContext: initialization started
2016-07-28 21:20:57,097 INFO  [XmlWebApplicationContext] - Refreshing Root WebApplicationContext: startup date [Thu Jul 28 21:20:57 EDT 2016]; root of context hierarchy
2016-07-28 21:20:57,122 INFO  [XmlBeanDefinitionReader] - Loading XML bean definitions from ServletContext resource [/WEB-INF/root-context.xml]
2016-07-28 21:20:57,196 INFO  [ContextLoader] - Root WebApplicationContext: initialization completed in 164 ms
2016-07-28 21:20:57,233 INFO  [DispatcherServlet] - FrameworkServlet 'springmvc': initialization started
2016-07-28 21:20:57,235 INFO  [XmlWebApplicationContext] - Refreshing WebApplicationContext for namespace 'springmvc-servlet': startup date [Thu Jul 28 21:20:57 EDT 2016]; parent: Root WebApplicationContext
2016-07-28 21:20:57,236 INFO  [XmlBeanDefinitionReader] - Loading XML bean definitions from ServletContext resource [/WEB-INF/springmvc-servlet.xml]
2016-07-28 21:20:57,301 INFO  [XmlBeanDefinitionReader] - Loading XML bean definitions from URL [file:/Users/ebrimatunkara/development/projects/ATT/HR/cw-service/target/classes/spring-jpa-config.xml]
2016-07-28 21:20:57,490 INFO  [PropertySourcesPlaceholderConfigurer] - Loading properties file from class path resource [application.properties]
2016-07-28 21:20:57,490 INFO  [PropertySourcesPlaceholderConfigurer] - Loading properties file from class path resource [application-dev.properties]
2016-07-28 21:20:57,497 INFO  [AutowiredAnnotationBeanPostProcessor] - JSR-330 'javax.inject.Inject' annotation found and supported for autowiring
2016-07-28 21:20:57,695 INFO  [LogHelper] - HHH000204: Processing PersistenceUnitInfo [
	name: default
	...]
2016-07-28 21:20:57,738 INFO  [Version] - HHH000412: Hibernate Core {4.3.5.Final}
2016-07-28 21:20:57,739 INFO  [Environment] - HHH000206: hibernate.properties not found
2016-07-28 21:20:57,740 INFO  [Environment] - HHH000021: Bytecode provider name : javassist
2016-07-28 21:20:57,855 INFO  [Version] - HCANN000001: Hibernate Commons Annotations {4.0.4.Final}
2016-07-28 21:20:58,235 INFO  [Dialect] - HHH000400: Using dialect: org.hibernate.dialect.MySQL5Dialect
2016-07-28 21:20:58,339 WARN  [AnnotationBinder] - HHH000139: Illegal use of @Table in a subclass of a SINGLE_TABLE hierarchy: com.att.cw.model.UserProfile
2016-07-28 21:20:58,372 INFO  [ASTQueryTranslatorFactory] - HHH000397: Using ASTQueryTranslatorFactory
2016-07-28 21:20:58,610 INFO  [SchemaUpdate] - HHH000228: Running hbm2ddl schema update
2016-07-28 21:20:58,610 INFO  [SchemaUpdate] - HHH000102: Fetching database metadata
2016-07-28 21:20:58,612 INFO  [SchemaUpdate] - HHH000396: Updating schema
2016-07-28 21:20:58,643 INFO  [TableMetadata] - HHH000261: Table found: cw.AUTHORITY
2016-07-28 21:20:58,644 INFO  [TableMetadata] - HHH000037: Columns: [name, id]
2016-07-28 21:20:58,644 INFO  [TableMetadata] - HHH000108: Foreign keys: []
2016-07-28 21:20:58,644 INFO  [TableMetadata] - HHH000126: Indexes: [uk_ana6i0racv9b9d5dx3mlwho9p, primary]
2016-07-28 21:20:58,651 INFO  [TableMetadata] - HHH000261: Table found: cw.Profile
2016-07-28 21:20:58,651 INFO  [TableMetadata] - HHH000037: Columns: [createddate, lastmodifieddate, date_of_birth, address_id, dtype, lastmodifiedby, last_name, middle_name, version, createdby, user_id, phone_number, id, first_name]
2016-07-28 21:20:58,652 INFO  [TableMetadata] - HHH000108: Foreign keys: [fk_22nop2trrp4xogf8t1fr2rd91, fk_hj3d4gw12cprp4j1p6pqa5av5]
2016-07-28 21:20:58,652 INFO  [TableMetadata] - HHH000126: Indexes: [fk_22nop2trrp4xogf8t1fr2rd91, primary, fk_hj3d4gw12cprp4j1p6pqa5av5]
2016-07-28 21:20:58,657 INFO  [TableMetadata] - HHH000261: Table found: cw.USER
2016-07-28 21:20:58,657 INFO  [TableMetadata] - HHH000037: Columns: [password, createdby, createddate, lastmodifieddate, name, lastmodifiedby, emailid, id, version, enabled, email]
2016-07-28 21:20:58,657 INFO  [TableMetadata] - HHH000108: Foreign keys: []
2016-07-28 21:20:58,657 INFO  [TableMetadata] - HHH000126: Indexes: [uk_ejfk3g58oxsgbb4ju3u4fhivk, user_email_index, uk_tny7vhtvpf3hywynmjlodildh, primary]
2016-07-28 21:20:58,661 INFO  [TableMetadata] - HHH000261: Table found: cw.USER_AUTHORITY
2016-07-28 21:20:58,661 INFO  [TableMetadata] - HHH000037: Columns: [user_id, authority_id]
2016-07-28 21:20:58,661 INFO  [TableMetadata] - HHH000108: Foreign keys: [fk_dyo9anhb75hbjut13e8uovw2s, fk_jbm4yrlayhtksry4mwk0e47ls]
2016-07-28 21:20:58,661 INFO  [TableMetadata] - HHH000126: Indexes: [fk_dyo9anhb75hbjut13e8uovw2s, primary]
2016-07-28 21:20:58,665 INFO  [TableMetadata] - HHH000261: Table found: cw.file_documents
2016-07-28 21:20:58,665 INFO  [TableMetadata] - HHH000037: Columns: [content_type, size, createdby, createddate, lastmodifieddate, resource_type, lastmodifiedby, description, resource_id, id, version, content]
2016-07-28 21:20:58,665 INFO  [TableMetadata] - HHH000108: Foreign keys: []
2016-07-28 21:20:58,665 INFO  [TableMetadata] - HHH000126: Indexes: [primary]
2016-07-28 21:20:58,669 INFO  [TableMetadata] - HHH000261: Table found: cw.job_activities
2016-07-28 21:20:58,669 INFO  [TableMetadata] - HHH000037: Columns: [workflow_id, createdby, createddate, lastmodifieddate, name, lastmodifiedby, id, version]
2016-07-28 21:20:58,669 INFO  [TableMetadata] - HHH000108: Foreign keys: [fk_6i97tsgwc4y8avinvleaij5ye]
2016-07-28 21:20:58,669 INFO  [TableMetadata] - HHH000126: Indexes: [fk_6i97tsgwc4y8avinvleaij5ye, primary]
2016-07-28 21:20:58,674 INFO  [TableMetadata] - HHH000261: Table found: cw.job_applications
2016-07-28 21:20:58,674 INFO  [TableMetadata] - HHH000037: Columns: [candidate_id, workflow_id, datemodified, createdby, createddate, lastmodifieddate, lastmodifiedby, id, datecreated, version]
2016-07-28 21:20:58,674 INFO  [TableMetadata] - HHH000108: Foreign keys: [fk_gnt5c2uebjgnulu4debnxuomc, fk_r42se08m018gbf90h9l5vmjdl]
2016-07-28 21:20:58,674 INFO  [TableMetadata] - HHH000126: Indexes: [fk_gnt5c2uebjgnulu4debnxuomc, fk_r42se08m018gbf90h9l5vmjdl, primary]
2016-07-28 21:20:58,678 INFO  [TableMetadata] - HHH000261: Table found: cw.job_candidates
2016-07-28 21:20:58,678 INFO  [TableMetadata] - HHH000037: Columns: [createdby, createddate, lastmodifieddate, lastmodifiedby, id, version, userid]
2016-07-28 21:20:58,678 INFO  [TableMetadata] - HHH000108: Foreign keys: []
2016-07-28 21:20:58,679 INFO  [TableMetadata] - HHH000126: Indexes: [primary]
2016-07-28 21:20:58,682 INFO  [TableMetadata] - HHH000261: Table found: cw.job_workflows
2016-07-28 21:20:58,682 INFO  [TableMetadata] - HHH000037: Columns: [createdby, createddate, lastmodifieddate, lastmodifiedby, id, version]
2016-07-28 21:20:58,682 INFO  [TableMetadata] - HHH000108: Foreign keys: []
2016-07-28 21:20:58,682 INFO  [TableMetadata] - HHH000126: Indexes: [primary]
2016-07-28 21:20:58,686 INFO  [TableMetadata] - HHH000261: Table found: cw.job_workflows_job_activities
2016-07-28 21:20:58,686 INFO  [TableMetadata] - HHH000037: Columns: [job_workflows_id, activities_id]
2016-07-28 21:20:58,687 INFO  [TableMetadata] - HHH000108: Foreign keys: [fk_7gqb8uj4dkxg94b0lt2wpfxld, fk_k05olxsngknte6yos3q1vorlr]
2016-07-28 21:20:58,687 INFO  [TableMetadata] - HHH000126: Indexes: [uk_7gqb8uj4dkxg94b0lt2wpfxld, primary]
2016-07-28 21:20:58,708 INFO  [TableMetadata] - HHH000261: Table found: cw.jobs
2016-07-28 21:20:58,708 INFO  [TableMetadata] - HHH000037: Columns: [workflow_id, closedate, createdby, createddate, lastmodifieddate, lastmodifiedby, description, opendate, id, ownerid, title, version]
2016-07-28 21:20:58,708 INFO  [TableMetadata] - HHH000108: Foreign keys: [fk_bmmf4ulukk632yxioukqcue5v]
2016-07-28 21:20:58,708 INFO  [TableMetadata] - HHH000126: Indexes: [fk_bmmf4ulukk632yxioukqcue5v, primary]
2016-07-28 21:20:58,716 INFO  [TableMetadata] - HHH000261: Table found: cw.jobs_job_applications
2016-07-28 21:20:58,716 INFO  [TableMetadata] - HHH000037: Columns: [applications_id, jobs_id]
2016-07-28 21:20:58,716 INFO  [TableMetadata] - HHH000108: Foreign keys: [fk_21hd5m30nhvpg76kqqkekujgm, fk_6vrx0feebyfnyfwbcxtt4q5gd]
2016-07-28 21:20:58,716 INFO  [TableMetadata] - HHH000126: Indexes: [uk_21hd5m30nhvpg76kqqkekujgm, primary]
2016-07-28 21:20:58,720 INFO  [TableMetadata] - HHH000261: Table found: cw.user_addresses
2016-07-28 21:20:58,720 INFO  [TableMetadata] - HHH000037: Columns: [zipcode, country, createdby, createddate, city, lastmodifieddate, lastmodifiedby, id, statename, version]
2016-07-28 21:20:58,720 INFO  [TableMetadata] - HHH000108: Foreign keys: []
2016-07-28 21:20:58,720 INFO  [TableMetadata] - HHH000126: Indexes: [primary]
2016-07-28 21:20:58,721 INFO  [SchemaUpdate] - HHH000232: Schema update complete
2016-07-28 21:20:58,952 INFO  [RequestMappingHandlerMapping] - Mapped "{[/authenticate/login],methods=[POST]}" onto public org.springframework.http.ResponseEntity<com.att.cw.controller.open.AuthenticationController$LoginResponse> com.att.cw.controller.open.AuthenticationController.login(com.att.cw.controller.open.AuthenticationController$UserLogin) throws javax.servlet.ServletException
2016-07-28 21:20:58,953 INFO  [RequestMappingHandlerMapping] - Mapped "{[/register/new],methods=[POST]}" onto public org.springframework.http.ResponseEntity com.att.cw.controller.open.RegistrationController.registerUser(com.att.cw.model.User)
2016-07-28 21:20:58,957 INFO  [RequestMappingHandlerMapping] - Mapped "{[/documents/{id}],methods=[GET]}" onto public com.att.cw.model.FileDocument com.att.cw.controller.restricted.FileDocumentController.find(java.lang.Long)
2016-07-28 21:20:58,957 INFO  [RequestMappingHandlerMapping] - Mapped "{[/documents/{id}],methods=[DELETE]}" onto public void com.att.cw.controller.restricted.FileDocumentController.delete(java.lang.Long)
2016-07-28 21:20:58,957 INFO  [RequestMappingHandlerMapping] - Mapped "{[/upload],methods=[POST]}" onto public org.springframework.http.ResponseEntity com.att.cw.controller.restricted.FileUploadController.handleFileUpload(java.lang.String,org.springframework.web.multipart.MultipartFile)
2016-07-28 21:20:58,961 INFO  [RequestMappingHandlerMapping] - Mapped "{[/jobs],methods=[PUT]}" onto public com.att.cw.model.Job com.att.cw.controller.restricted.JobController.update(com.att.cw.model.Job)
2016-07-28 21:20:58,961 INFO  [RequestMappingHandlerMapping] - Mapped "{[/jobs/{id}],methods=[GET]}" onto public com.att.cw.model.Job com.att.cw.controller.restricted.JobController.find(java.lang.Long)
2016-07-28 21:20:58,961 INFO  [RequestMappingHandlerMapping] - Mapped "{[/jobs/{id}],methods=[DELETE]}" onto public void com.att.cw.controller.restricted.JobController.delete(java.lang.Long)
2016-07-28 21:20:58,961 INFO  [RequestMappingHandlerMapping] - Mapped "{[/jobs],methods=[POST]}" onto public com.att.cw.model.Job com.att.cw.controller.restricted.JobController.create(com.att.cw.model.Job)
2016-07-28 21:20:58,962 INFO  [RequestMappingHandlerMapping] - Mapped "{[/jobs],methods=[GET]}" onto public org.springframework.data.domain.Page<com.att.cw.model.Job> com.att.cw.controller.restricted.JobController.findAllBy(java.lang.Long,org.springframework.data.domain.Pageable)
2016-07-28 21:20:58,965 INFO  [RequestMappingHandlerMapping] - Mapped "{[/users],methods=[PUT]}" onto public com.att.cw.model.User com.att.cw.controller.restricted.UserController.update(com.att.cw.model.User)
2016-07-28 21:20:58,965 INFO  [RequestMappingHandlerMapping] - Mapped "{[/users/{id}],methods=[GET]}" onto public com.att.cw.model.User com.att.cw.controller.restricted.UserController.find(java.lang.Long)
2016-07-28 21:20:58,965 INFO  [RequestMappingHandlerMapping] - Mapped "{[/users/{id}],methods=[DELETE]}" onto public void com.att.cw.controller.restricted.UserController.delete(java.lang.Long)
2016-07-28 21:20:58,965 INFO  [RequestMappingHandlerMapping] - Mapped "{[/users],methods=[POST]}" onto public com.att.cw.model.User com.att.cw.controller.restricted.UserController.create(com.att.cw.model.User)
2016-07-28 21:20:58,965 INFO  [RequestMappingHandlerMapping] - Mapped "{[/users],methods=[GET]}" onto org.springframework.data.domain.Page<com.att.cw.model.User> com.att.cw.controller.restricted.UserController.findAll(org.springframework.data.domain.Pageable)
2016-07-28 21:20:59,175 INFO  [RequestMappingHandlerAdapter] - Looking for @ControllerAdvice: WebApplicationContext for namespace 'springmvc-servlet': startup date [Thu Jul 28 21:20:57 EDT 2016]; parent: Root WebApplicationContext
2016-07-28 21:20:59,211 INFO  [RequestMappingHandlerAdapter] - Looking for @ControllerAdvice: WebApplicationContext for namespace 'springmvc-servlet': startup date [Thu Jul 28 21:20:57 EDT 2016]; parent: Root WebApplicationContext
2016-07-28 21:20:59,515 INFO  [DispatcherServlet] - FrameworkServlet 'springmvc': initialization completed in 2282 ms
